Sep 6, 2014 4:04:43 PM org.openqa.grid.selenium.GridLauncher main
INFO: Launching a standalone server
Setting system property webdriver.chrome.driver to /usr/local/bin/chromedriver
16:04:43.830 INFO - Java: Apple Inc. 20.65-b04-462
16:04:43.830 INFO - OS: Mac OS X 10.9.4 x86_64
16:04:43.838 INFO - v2.42.2, with Core v2.42.2. Built from revision 6a6995d
16:04:43.883 INFO - Default driver org.openqa.selenium.ie.InternetExplorerDriver registration is skipped: registration capabilities Capabilities [{platform=WINDOWS, ensureCleanSession=true, browserName=internet explorer, version=}] does not match with current platform: MAC
16:04:43.923 INFO - RemoteWebDriver instances should connect to: http://127.0.0.1:4444/wd/hub
16:04:43.924 INFO - Version Jetty/5.1.x
16:04:43.924 INFO - Started HttpContext[/selenium-server/driver,/selenium-server/driver]
16:04:43.925 INFO - Started HttpContext[/selenium-server,/selenium-server]
16:04:43.925 INFO - Started HttpContext[/,/]
16:04:43.957 INFO - Started org.openqa.jetty.jetty.servlet.ServletHandler@7786df0f
16:04:43.957 INFO - Started HttpContext[/wd,/wd]
16:04:43.962 INFO - Started SocketListener on 0.0.0.0:4444
16:04:43.962 INFO - Started org.openqa.jetty.jetty.Server@7c4c51
16:04:44.110 INFO - Executing: [new session: Capabilities [{platform=ANY, javascriptEnabled=true, acceptSslCerts=true, browserName=chrome}]])
16:04:44.122 INFO - Creating a new session for Capabilities [{platform=ANY, javascriptEnabled=true, acceptSslCerts=true, browserName=chrome}]
Starting ChromeDriver (v2.9.248307) on port 8733
16:04:45.874 INFO - Done: [new session: Capabilities [{platform=ANY, javascriptEnabled=true, acceptSslCerts=true, browserName=chrome}]]
16:04:45.894 INFO - Executing: [get: http://nikhil-venkat.github.io/])
16:04:47.049 INFO - Done: [get: http://nikhil-venkat.github.io/]
16:04:47.053 INFO - Executing: [find element: By.selector: body])
16:04:47.082 INFO - Done: [find element: By.selector: body]
16:04:47.084 INFO - Executing: [is displayed: 0 [[ChromeDriver: chrome on MAC (3a85f4c798dd5da4930c60459248f3c3)] -> css selector: body]])
16:04:47.096 INFO - Done: [is displayed: 0 [[ChromeDriver: chrome on MAC (3a85f4c798dd5da4930c60459248f3c3)] -> css selector: body]]
16:04:47.099 INFO - Executing: [get title])
16:04:47.102 INFO - Done: [get title]
16:04:47.105 INFO - Executing: [find element: By.selector: #about > p])
16:04:47.117 INFO - Done: [find element: By.selector: #about > p]
16:04:47.119 INFO - Executing: [is displayed: 1 [[ChromeDriver: chrome on MAC (3a85f4c798dd5da4930c60459248f3c3)] -> css selector: #about > p]])
16:04:47.128 INFO - Done: [is displayed: 1 [[ChromeDriver: chrome on MAC (3a85f4c798dd5da4930c60459248f3c3)] -> css selector: #about > p]]
16:04:47.632 INFO - Executing: [is displayed: 1 [[ChromeDriver: chrome on MAC (3a85f4c798dd5da4930c60459248f3c3)] -> css selector: #about > p]])
16:04:47.644 INFO - Done: [is displayed: 1 [[ChromeDriver: chrome on MAC (3a85f4c798dd5da4930c60459248f3c3)] -> css selector: #about > p]]
16:04:48.148 INFO - Executing: [is displayed: 1 [[ChromeDriver: chrome on MAC (3a85f4c798dd5da4930c60459248f3c3)] -> css selector: #about > p]])
16:04:51.011 INFO - Done: [is displayed: 1 [[ChromeDriver: chrome on MAC (3a85f4c798dd5da4930c60459248f3c3)] -> css selector: #about > p]]
16:04:51.015 INFO - Executing: [find element: By.selector: #about > p])
16:04:51.039 INFO - Done: [find element: By.selector: #about > p]
16:04:51.041 INFO - Executing: [get text: 1 [[ChromeDriver: chrome on MAC (3a85f4c798dd5da4930c60459248f3c3)] -> css selector: #about > p]])
16:04:51.058 INFO - Done: [get text: 1 [[ChromeDriver: chrome on MAC (3a85f4c798dd5da4930c60459248f3c3)] -> css selector: #about > p]]
16:04:51.063 INFO - Executing: [get: http://nikhil-venkat.github.io/])
16:04:51.487 INFO - Done: [get: http://nikhil-venkat.github.io/]
16:04:51.490 INFO - Executing: [find element: By.selector: body])
16:04:51.496 INFO - Done: [find element: By.selector: body]
16:04:51.498 INFO - Executing: [is displayed: 2 [[ChromeDriver: chrome on MAC (3a85f4c798dd5da4930c60459248f3c3)] -> css selector: body]])
16:04:51.525 INFO - Done: [is displayed: 2 [[ChromeDriver: chrome on MAC (3a85f4c798dd5da4930c60459248f3c3)] -> css selector: body]]
16:04:51.528 INFO - Executing: [get title])
16:04:51.532 INFO - Done: [get title]
16:04:51.535 INFO - Executing: [find element: By.selector: body > div > div.masthead > div > div > div > ul > li:nth-child(2) > a])
16:04:51.551 INFO - Done: [find element: By.selector: body > div > div.masthead > div > div > div > ul > li:nth-child(2) > a]
16:04:51.554 INFO - Executing: [click: 3 [[ChromeDriver: chrome on MAC (3a85f4c798dd5da4930c60459248f3c3)] -> css selector: body > div > div.masthead > div > div > div > ul > li:nth-child(2) > a]])
16:04:54.099 INFO - Done: [click: 3 [[ChromeDriver: chrome on MAC (3a85f4c798dd5da4930c60459248f3c3)] -> css selector: body > div > div.masthead > div > div > div > ul > li:nth-child(2) > a]]
16:04:54.103 INFO - Executing: [find element: By.selector: #about > p])
16:04:54.125 INFO - Done: [find element: By.selector: #about > p]
16:04:54.128 INFO - Executing: [is displayed: 4 [[ChromeDriver: chrome on MAC (3a85f4c798dd5da4930c60459248f3c3)] -> css selector: #about > p]])
16:04:54.191 INFO - Done: [is displayed: 4 [[ChromeDriver: chrome on MAC (3a85f4c798dd5da4930c60459248f3c3)] -> css selector: #about > p]]
16:04:54.195 INFO - Executing: [find element: By.selector: #about > p])
16:04:54.211 INFO - Done: [find element: By.selector: #about > p]
16:04:54.214 INFO - Executing: [get text: 4 [[ChromeDriver: chrome on MAC (3a85f4c798dd5da4930c60459248f3c3)] -> css selector: #about > p]])
16:04:54.230 INFO - Done: [get text: 4 [[ChromeDriver: chrome on MAC (3a85f4c798dd5da4930c60459248f3c3)] -> css selector: #about > p]]
16:04:54.235 INFO - Executing: [get: http://nikhil-venkat.github.io/])
16:04:54.542 INFO - Done: [get: http://nikhil-venkat.github.io/]
16:04:54.545 INFO - Executing: [find element: By.selector: body])
16:04:54.580 INFO - Done: [find element: By.selector: body]
16:04:54.583 INFO - Executing: [is displayed: 5 [[ChromeDriver: chrome on MAC (3a85f4c798dd5da4930c60459248f3c3)] -> css selector: body]])
16:04:54.677 INFO - Done: [is displayed: 5 [[ChromeDriver: chrome on MAC (3a85f4c798dd5da4930c60459248f3c3)] -> css selector: body]]
16:04:54.680 INFO - Executing: [get title])
16:04:54.692 INFO - Done: [get title]
16:04:54.695 INFO - Executing: [find element: By.selector: body > div > div.masthead > div > div > div > ul > li:nth-child(3) > a])
16:04:54.731 INFO - Done: [find element: By.selector: body > div > div.masthead > div > div > div > ul > li:nth-child(3) > a]
16:04:54.734 INFO - Executing: [click: 6 [[ChromeDriver: chrome on MAC (3a85f4c798dd5da4930c60459248f3c3)] -> css selector: body > div > div.masthead > div > div > div > ul > li:nth-child(3) > a]])
16:04:55.175 INFO - Done: [click: 6 [[ChromeDriver: chrome on MAC (3a85f4c798dd5da4930c60459248f3c3)] -> css selector: body > div > div.masthead > div > div > div > ul > li:nth-child(3) > a]]
16:04:55.179 INFO - Executing: [find element: By.selector: #resume > ul])
16:04:55.225 INFO - Done: [find element: By.selector: #resume > ul]
16:04:55.228 INFO - Executing: [is displayed: 7 [[ChromeDriver: chrome on MAC (3a85f4c798dd5da4930c60459248f3c3)] -> css selector: #resume > ul]])
16:04:55.258 INFO - Done: [is displayed: 7 [[ChromeDriver: chrome on MAC (3a85f4c798dd5da4930c60459248f3c3)] -> css selector: #resume > ul]]
16:04:55.767 INFO - Executing: [is displayed: 7 [[ChromeDriver: chrome on MAC (3a85f4c798dd5da4930c60459248f3c3)] -> css selector: #resume > ul]])
16:04:55.799 INFO - Done: [is displayed: 7 [[ChromeDriver: chrome on MAC (3a85f4c798dd5da4930c60459248f3c3)] -> css selector: #resume > ul]]
16:04:55.802 INFO - Executing: [find element: By.selector: #resume > ul > li:nth-child(1)])
16:04:55.814 INFO - Done: [find element: By.selector: #resume > ul > li:nth-child(1)]
16:04:55.816 INFO - Executing: [get text: 8 [[ChromeDriver: chrome on MAC (3a85f4c798dd5da4930c60459248f3c3)] -> css selector: #resume > ul > li:nth-child(1)]])
16:04:55.833 INFO - Done: [get text: 8 [[ChromeDriver: chrome on MAC (3a85f4c798dd5da4930c60459248f3c3)] -> css selector: #resume > ul > li:nth-child(1)]]
16:04:55.836 INFO - Executing: [find element: By.selector: #resume > ul > li:nth-child(2)])
16:04:55.856 INFO - Done: [find element: By.selector: #resume > ul > li:nth-child(2)]
16:04:55.858 INFO - Executing: [get text: 9 [[ChromeDriver: chrome on MAC (3a85f4c798dd5da4930c60459248f3c3)] -> css selector: #resume > ul > li:nth-child(2)]])
16:04:55.871 INFO - Done: [get text: 9 [[ChromeDriver: chrome on MAC (3a85f4c798dd5da4930c60459248f3c3)] -> css selector: #resume > ul > li:nth-child(2)]]
16:04:55.874 INFO - Executing: [find element: By.selector: #resume > ul > li:nth-child(3)])
16:04:55.884 INFO - Done: [find element: By.selector: #resume > ul > li:nth-child(3)]
16:04:55.886 INFO - Executing: [get text: 10 [[ChromeDriver: chrome on MAC (3a85f4c798dd5da4930c60459248f3c3)] -> css selector: #resume > ul > li:nth-child(3)]])
16:04:55.899 INFO - Done: [get text: 10 [[ChromeDriver: chrome on MAC (3a85f4c798dd5da4930c60459248f3c3)] -> css selector: #resume > ul > li:nth-child(3)]]
16:04:55.902 INFO - Executing: [find element: By.selector: #resume > ul > li:nth-child(4)])
16:04:55.914 INFO - Done: [find element: By.selector: #resume > ul > li:nth-child(4)]
16:04:55.916 INFO - Executing: [get text: 11 [[ChromeDriver: chrome on MAC (3a85f4c798dd5da4930c60459248f3c3)] -> css selector: #resume > ul > li:nth-child(4)]])
16:04:55.930 INFO - Done: [get text: 11 [[ChromeDriver: chrome on MAC (3a85f4c798dd5da4930c60459248f3c3)] -> css selector: #resume > ul > li:nth-child(4)]]
16:04:55.934 INFO - Executing: [find element: By.selector: #resume > ul > li:nth-child(5)])
16:04:55.960 INFO - Done: [find element: By.selector: #resume > ul > li:nth-child(5)]
16:04:55.962 INFO - Executing: [get text: 12 [[ChromeDriver: chrome on MAC (3a85f4c798dd5da4930c60459248f3c3)] -> css selector: #resume > ul > li:nth-child(5)]])
16:04:55.991 INFO - Done: [get text: 12 [[ChromeDriver: chrome on MAC (3a85f4c798dd5da4930c60459248f3c3)] -> css selector: #resume > ul > li:nth-child(5)]]
16:04:55.996 INFO - Executing: [get: http://nikhil-venkat.github.io/])
16:04:56.245 INFO - Done: [get: http://nikhil-venkat.github.io/]
16:04:56.249 INFO - Executing: [find element: By.selector: body])
16:04:56.271 INFO - Done: [find element: By.selector: body]
16:04:56.273 INFO - Executing: [is displayed: 13 [[ChromeDriver: chrome on MAC (3a85f4c798dd5da4930c60459248f3c3)] -> css selector: body]])
16:04:56.287 INFO - Done: [is displayed: 13 [[ChromeDriver: chrome on MAC (3a85f4c798dd5da4930c60459248f3c3)] -> css selector: body]]
16:04:56.289 INFO - Executing: [get title])
16:04:56.355 INFO - Done: [get title]
16:04:56.358 INFO - Executing: [find element: By.selector: body > div > div.masthead > div > div > div > ul > li:nth-child(4) > a])
16:04:56.413 INFO - Done: [find element: By.selector: body > div > div.masthead > div > div > div > ul > li:nth-child(4) > a]
16:04:56.416 INFO - Executing: [click: 14 [[ChromeDriver: chrome on MAC (3a85f4c798dd5da4930c60459248f3c3)] -> css selector: body > div > div.masthead > div > div > div > ul > li:nth-child(4) > a]])
16:04:56.794 INFO - Done: [click: 14 [[ChromeDriver: chrome on MAC (3a85f4c798dd5da4930c60459248f3c3)] -> css selector: body > div > div.masthead > div > div > div > ul > li:nth-child(4) > a]]
16:04:56.797 INFO - Executing: [find element: By.selector: #work > ul])
16:04:56.826 INFO - Done: [find element: By.selector: #work > ul]
16:04:56.828 INFO - Executing: [is displayed: 15 [[ChromeDriver: chrome on MAC (3a85f4c798dd5da4930c60459248f3c3)] -> css selector: #work > ul]])
16:04:56.841 INFO - Done: [is displayed: 15 [[ChromeDriver: chrome on MAC (3a85f4c798dd5da4930c60459248f3c3)] -> css selector: #work > ul]]
16:04:57.344 INFO - Executing: [is displayed: 15 [[ChromeDriver: chrome on MAC (3a85f4c798dd5da4930c60459248f3c3)] -> css selector: #work > ul]])
16:04:57.361 INFO - Done: [is displayed: 15 [[ChromeDriver: chrome on MAC (3a85f4c798dd5da4930c60459248f3c3)] -> css selector: #work > ul]]
16:04:57.365 INFO - Executing: [get: http://nikhil-venkat.github.io/])
16:04:57.636 INFO - Done: [get: http://nikhil-venkat.github.io/]
16:04:57.639 INFO - Executing: [find element: By.selector: body])
16:04:57.656 INFO - Done: [find element: By.selector: body]
16:04:57.658 INFO - Executing: [is displayed: 16 [[ChromeDriver: chrome on MAC (3a85f4c798dd5da4930c60459248f3c3)] -> css selector: body]])
16:04:57.692 INFO - Done: [is displayed: 16 [[ChromeDriver: chrome on MAC (3a85f4c798dd5da4930c60459248f3c3)] -> css selector: body]]
16:04:57.694 INFO - Executing: [get title])
16:04:57.734 INFO - Done: [get title]
16:04:57.736 INFO - Executing: [find element: By.selector: body > div > div.masthead > div > div > div > ul > li:nth-child(5) > a])
16:04:57.797 INFO - Done: [find element: By.selector: body > div > div.masthead > div > div > div > ul > li:nth-child(5) > a]
16:04:57.799 INFO - Executing: [click: 17 [[ChromeDriver: chrome on MAC (3a85f4c798dd5da4930c60459248f3c3)] -> css selector: body > div > div.masthead > div > div > div > ul > li:nth-child(5) > a]])
16:04:57.924 INFO - Done: [click: 17 [[ChromeDriver: chrome on MAC (3a85f4c798dd5da4930c60459248f3c3)] -> css selector: body > div > div.masthead > div > div > div > ul > li:nth-child(5) > a]]
16:04:57.927 INFO - Executing: [find element: By.selector: #projects > a])
16:04:57.959 INFO - Done: [find element: By.selector: #projects > a]
16:04:57.961 INFO - Executing: [is displayed: 18 [[ChromeDriver: chrome on MAC (3a85f4c798dd5da4930c60459248f3c3)] -> css selector: #projects > a]])
16:04:58.009 INFO - Done: [is displayed: 18 [[ChromeDriver: chrome on MAC (3a85f4c798dd5da4930c60459248f3c3)] -> css selector: #projects > a]]
16:04:58.013 INFO - Executing: [get: http://nikhil-venkat.github.io/])
16:04:58.068 INFO - Done: [get: http://nikhil-venkat.github.io/]
16:04:58.070 INFO - Executing: [find element: By.selector: body])
16:04:58.076 INFO - Done: [find element: By.selector: body]
16:04:58.078 INFO - Executing: [is displayed: 19 [[ChromeDriver: chrome on MAC (3a85f4c798dd5da4930c60459248f3c3)] -> css selector: body]])
16:04:58.089 INFO - Done: [is displayed: 19 [[ChromeDriver: chrome on MAC (3a85f4c798dd5da4930c60459248f3c3)] -> css selector: body]]
16:04:58.091 INFO - Executing: [get title])
16:04:58.098 INFO - Done: [get title]
16:04:58.100 INFO - Executing: [find element: By.selector: body > div > div.masthead > div > div > div > ul > li:nth-child(6) > a])
16:04:58.137 INFO - Done: [find element: By.selector: body > div > div.masthead > div > div > div > ul > li:nth-child(6) > a]
16:04:58.139 INFO - Executing: [click: 20 [[ChromeDriver: chrome on MAC (3a85f4c798dd5da4930c60459248f3c3)] -> css selector: body > div > div.masthead > div > div > div > ul > li:nth-child(6) > a]])
16:04:58.191 INFO - Done: [click: 20 [[ChromeDriver: chrome on MAC (3a85f4c798dd5da4930c60459248f3c3)] -> css selector: body > div > div.masthead > div > div > div > ul > li:nth-child(6) > a]]
16:04:58.195 INFO - Executing: [find element: By.selector: #contact])
16:04:59.146 WARN - Exception thrown
org.openqa.selenium.NoSuchElementException: no such element
  (Session info: chrome=37.0.2062.94)
  (Driver info: chromedriver=2.9.248307,platform=Mac OS X 10.9.4 x86_64) (WARNING: The server did not provide any stacktrace information)
Command duration or timeout: 53 milliseconds
For documentation on this error, please visit: http://seleniumhq.org/exceptions/no_such_element.html
Build info: version: '2.42.2', revision: '6a6995d', time: '2014-06-03 17:42:03'
System info: host: 'Nikhil-MBP-2.local', ip: '192.168.1.104', os.name: 'Mac OS X', os.arch: 'x86_64', os.version: '10.9.4', java.version: '1.6.0_65'
Session ID: 3a85f4c798dd5da4930c60459248f3c3
Driver info: org.openqa.selenium.chrome.ChromeDriver
Capabilities [{platform=MAC, acceptSslCerts=true, javascriptEnabled=true, browserName=chrome, chrome={userDataDir=/var/folders/0s/1jdkkzsx39l6vy2p1s7hmfbc3x2jm4/T/.org.chromium.Chromium.1ctaBx}, rotatable=false, locationContextEnabled=true, version=37.0.2062.94, takesHeapSnapshot=true, cssSelectorsEnabled=true, databaseEnabled=false, handlesAlerts=true, browserConnectionEnabled=false, nativeEvents=true, webStorageEnabled=true, applicationCacheEnabled=false, takesScreenshot=true}]
	at sun.reflect.NativeConstructorAccessorImpl.newInstance0(Native Method)
	at sun.reflect.NativeConstructorAccessorImpl.newInstance(NativeConstructorAccessorImpl.java:39)
	at sun.reflect.DelegatingConstructorAccessorImpl.newInstance(DelegatingConstructorAccessorImpl.java:27)
	at java.lang.reflect.Constructor.newInstance(Constructor.java:513)
	at org.openqa.selenium.remote.ErrorHandler.createThrowable(ErrorHandler.java:204)
	at org.openqa.selenium.remote.ErrorHandler.throwIfResponseFailed(ErrorHandler.java:156)
	at org.openqa.selenium.remote.RemoteWebDriver.execute(RemoteWebDriver.java:599)
	at org.openqa.selenium.remote.RemoteWebDriver.findElement(RemoteWebDriver.java:352)
	at org.openqa.selenium.remote.RemoteWebDriver.findElementByCssSelector(RemoteWebDriver.java:441)
	at org.openqa.selenium.By$ByCssSelector.findElement(By.java:426)
	at org.openqa.selenium.remote.RemoteWebDriver.findElement(RemoteWebDriver.java:344)
	at sun.reflect.GeneratedMethodAccessor25.invoke(Unknown Source)
	at sun.reflect.DelegatingMethodAccessorImpl.invoke(DelegatingMethodAccessorImpl.java:25)
	at java.lang.reflect.Method.invoke(Method.java:597)
	at org.openqa.selenium.support.events.EventFiringWebDriver$2.invoke(EventFiringWebDriver.java:101)
	at com.sun.proxy.$Proxy3.findElement(Unknown Source)
	at org.openqa.selenium.support.events.EventFiringWebDriver.findElement(EventFiringWebDriver.java:184)
	at org.openqa.selenium.remote.server.handler.FindElement.call(FindElement.java:47)
	at org.openqa.selenium.remote.server.handler.FindElement.call(FindElement.java:1)
	at java.util.concurrent.FutureTask$Sync.innerRun(FutureTask.java:303)
	at java.util.concurrent.FutureTask.run(FutureTask.java:138)
	at org.openqa.selenium.remote.server.DefaultSession$1.run(DefaultSession.java:169)
	at java.util.concurrent.ThreadPoolExecutor$Worker.runTask(ThreadPoolExecutor.java:895)
	at java.util.concurrent.ThreadPoolExecutor$Worker.run(ThreadPoolExecutor.java:918)
	at java.lang.Thread.run(Thread.java:695)
16:04:59.148 WARN - Exception: no such element
  (Session info: chrome=37.0.2062.94)
  (Driver info: chromedriver=2.9.248307,platform=Mac OS X 10.9.4 x86_64) (WARNING: The server did not provide any stacktrace information)
Command duration or timeout: 53 milliseconds
For documentation on this error, please visit: http://seleniumhq.org/exceptions/no_such_element.html
Build info: version: '2.42.2', revision: '6a6995d', time: '2014-06-03 17:42:03'
System info: host: 'Nikhil-MBP-2.local', ip: '192.168.1.104', os.name: 'Mac OS X', os.arch: 'x86_64', os.version: '10.9.4', java.version: '1.6.0_65'
Session ID: 3a85f4c798dd5da4930c60459248f3c3
Driver info: org.openqa.selenium.chrome.ChromeDriver
Capabilities [{platform=MAC, acceptSslCerts=true, javascriptEnabled=true, browserName=chrome, chrome={userDataDir=/var/folders/0s/1jdkkzsx39l6vy2p1s7hmfbc3x2jm4/T/.org.chromium.Chromium.1ctaBx}, rotatable=false, locationContextEnabled=true, version=37.0.2062.94, takesHeapSnapshot=true, cssSelectorsEnabled=true, databaseEnabled=false, handlesAlerts=true, browserConnectionEnabled=false, nativeEvents=true, webStorageEnabled=true, applicationCacheEnabled=false, takesScreenshot=true}]
16:04:59.748 INFO - Executing: [find element: By.selector: #contact])
16:04:59.755 INFO - Done: [find element: By.selector: #contact]
16:04:59.757 INFO - Executing: [is displayed: 21 [[ChromeDriver: chrome on MAC (3a85f4c798dd5da4930c60459248f3c3)] -> css selector: #contact]])
16:04:59.775 INFO - Done: [is displayed: 21 [[ChromeDriver: chrome on MAC (3a85f4c798dd5da4930c60459248f3c3)] -> css selector: #contact]]
16:04:59.779 INFO - Executing: [get: http://nikhil-venkat.github.io/])
16:04:59.994 INFO - Done: [get: http://nikhil-venkat.github.io/]
16:04:59.998 INFO - Executing: [find element: By.selector: body])
16:05:00.020 INFO - Done: [find element: By.selector: body]
16:05:00.022 INFO - Executing: [is displayed: 22 [[ChromeDriver: chrome on MAC (3a85f4c798dd5da4930c60459248f3c3)] -> css selector: body]])
16:05:00.087 INFO - Done: [is displayed: 22 [[ChromeDriver: chrome on MAC (3a85f4c798dd5da4930c60459248f3c3)] -> css selector: body]]
16:05:00.089 INFO - Executing: [get title])
16:05:00.146 INFO - Done: [get title]
16:05:00.148 INFO - Executing: [find element: By.selector: body > div > div.masthead > div > div > div > ul > li:nth-child(7) > a])
16:05:00.225 INFO - Done: [find element: By.selector: body > div > div.masthead > div > div > div > ul > li:nth-child(7) > a]
16:05:00.227 INFO - Executing: [click: 23 [[ChromeDriver: chrome on MAC (3a85f4c798dd5da4930c60459248f3c3)] -> css selector: body > div > div.masthead > div > div > div > ul > li:nth-child(7) > a]])
16:05:00.642 INFO - Done: [click: 23 [[ChromeDriver: chrome on MAC (3a85f4c798dd5da4930c60459248f3c3)] -> css selector: body > div > div.masthead > div > div > div > ul > li:nth-child(7) > a]]
16:05:00.644 INFO - Executing: [find element: By.selector: #feedback h2])
16:05:00.675 INFO - Done: [find element: By.selector: #feedback h2]
16:05:00.677 INFO - Executing: [is displayed: 24 [[ChromeDriver: chrome on MAC (3a85f4c798dd5da4930c60459248f3c3)] -> css selector: #feedback h2]])
16:05:00.708 INFO - Done: [is displayed: 24 [[ChromeDriver: chrome on MAC (3a85f4c798dd5da4930c60459248f3c3)] -> css selector: #feedback h2]]
16:05:01.212 INFO - Executing: [is displayed: 24 [[ChromeDriver: chrome on MAC (3a85f4c798dd5da4930c60459248f3c3)] -> css selector: #feedback h2]])
16:05:01.225 INFO - Done: [is displayed: 24 [[ChromeDriver: chrome on MAC (3a85f4c798dd5da4930c60459248f3c3)] -> css selector: #feedback h2]]
16:05:01.728 INFO - Executing: [is displayed: 24 [[ChromeDriver: chrome on MAC (3a85f4c798dd5da4930c60459248f3c3)] -> css selector: #feedback h2]])
16:05:01.735 INFO - Done: [is displayed: 24 [[ChromeDriver: chrome on MAC (3a85f4c798dd5da4930c60459248f3c3)] -> css selector: #feedback h2]]
16:05:02.237 INFO - Executing: [is displayed: 24 [[ChromeDriver: chrome on MAC (3a85f4c798dd5da4930c60459248f3c3)] -> css selector: #feedback h2]])
16:05:02.243 INFO - Done: [is displayed: 24 [[ChromeDriver: chrome on MAC (3a85f4c798dd5da4930c60459248f3c3)] -> css selector: #feedback h2]]
16:05:02.245 INFO - Executing: [find element: By.selector: #feedback h2])
16:05:02.250 INFO - Done: [find element: By.selector: #feedback h2]
16:05:02.251 INFO - Executing: [get text: 24 [[ChromeDriver: chrome on MAC (3a85f4c798dd5da4930c60459248f3c3)] -> css selector: #feedback h2]])
16:05:02.265 INFO - Done: [get text: 24 [[ChromeDriver: chrome on MAC (3a85f4c798dd5da4930c60459248f3c3)] -> css selector: #feedback h2]]
16:05:02.268 INFO - Executing: [delete session: c4c29101-2287-4e63-92a4-9bc788c41dfb])
16:05:02.826 INFO - Done: [delete session: c4c29101-2287-4e63-92a4-9bc788c41dfb]
16:05:02.835 INFO - Shutting down...
